"../../../Engine/Content/EngineFonts/Faces/RobotoLight.uexp" 0
"../../../Engine/Content/EngineFonts/Faces/RobotoLight.uasset" 1
"../../../Engine/Content/EngineFonts/Faces/RobotoLight.ufont" 2
"../../../Engine/Content/EngineFonts/Faces/RobotoBold.uexp" 3
"../../../Engine/Content/EngineFonts/Faces/RobotoBold.uasset" 4
"../../../Engine/Content/EngineFonts/Faces/RobotoBold.ufont" 5
"../../../Engine/Content/EngineFonts/Faces/RobotoRegular.uexp" 6
"../../../Engine/Content/EngineFonts/Faces/RobotoRegular.uasset" 7
"../../../Engine/Content/EngineFonts/Faces/RobotoRegular.ufont" 8
"../../../Engine/Content/EngineFonts/Faces/DroidSansFallback.uexp" 9
"../../../Engine/Content/EngineFonts/Faces/DroidSansFallback.uasset" 10
"../../../Engine/Content/EngineFonts/Faces/DroidSansFallback.ufont" 11
"../../../Engine/Content/EngineFonts/Faces/RobotoItalic.uexp" 12
"../../../Engine/Content/EngineFonts/Faces/RobotoItalic.uasset" 13
"../../../Engine/Content/EngineFonts/Faces/RobotoItalic.ufont" 14
"../../../Engine/Content/EngineFonts/Faces/RobotoBoldItalic.uexp" 15
"../../../Engine/Content/EngineFonts/Faces/RobotoBoldItalic.uasset" 16
"../../../Engine/Content/EngineFonts/Faces/RobotoBoldItalic.ufont" 17
"../../../Engine/Content/EngineFonts/Roboto.uasset" 18
"../../../Engine/Content/EngineFonts/Roboto.uexp" 19
"../../../Engine/Content/Functions/Engine_MaterialFunctions02/Utility/CameraDirectionVector.uasset" 20
"../../../Engine/Content/Functions/Engine_MaterialFunctions02/Utility/CameraDirectionVector.uexp" 21
"../../../Engine/Content/EngineDebugMaterials/VolumeToRender.uasset" 22
"../../../Engine/Content/EngineDebugMaterials/VolumeToRender.uexp" 23
"../../../Engine/Content/EngineDebugMaterials/M_VolumeRenderSphereTracePP.uasset" 24
"../../../Engine/Content/EngineDebugMaterials/M_VolumeRenderSphereTracePP.uexp" 25
"../../../Engine/Content/EngineDebugMaterials/M_SimpleUnlitTranslucent.uasset" 26
"../../../Engine/Content/EngineDebugMaterials/M_SimpleUnlitTranslucent.uexp" 27
"../../../Engine/Content/EngineDebugMaterials/DebugMeshMaterial.uasset" 28
"../../../Engine/Content/EngineDebugMaterials/DebugMeshMaterial.uexp" 29
"../../../Engine/Content/EngineDebugMaterials/DebugEditorMaterial.uasset" 30
"../../../Engine/Content/EngineDebugMaterials/DebugEditorMaterial.uexp" 31
"../../../Engine/Content/EngineDamageTypes/DmgTypeBP_Environmental.uasset" 32
"../../../Engine/Content/EngineDamageTypes/DmgTypeBP_Environmental.uexp" 33
"../../../Engine/Content/EditorResources/S_TriggerSphere.uasset" 34
"../../../Engine/Content/EditorResources/S_TriggerSphere.uexp" 35
"../../../Engine/Content/EditorResources/S_TriggerCapsule.uasset" 36
"../../../Engine/Content/EditorResources/S_TriggerCapsule.uexp" 37
"../../../Engine/Content/EditorResources/S_TriggerBox.uasset" 38
"../../../Engine/Content/EditorResources/S_TriggerBox.uexp" 39
"../../../Engine/Content/EditorResources/S_Trigger.ubulk" 40
"../../../Engine/Content/EditorResources/S_Trigger.uasset" 41
"../../../Engine/Content/EditorResources/S_Trigger.uexp" 42
"../../../Engine/Content/EditorResources/S_Terrain.ubulk" 43
"../../../Engine/Content/EditorResources/S_Terrain.uasset" 44
"../../../Engine/Content/EditorResources/S_Terrain.uexp" 45
"../../../Engine/Content/EditorResources/S_Solver.ubulk" 46
"../../../Engine/Content/EditorResources/S_Solver.uasset" 47
"../../../Engine/Content/EditorResources/S_Solver.uexp" 48
"../../../Engine/Content/EditorResources/S_BoxReflectionCapture.uasset" 49
"../../../Engine/Content/EditorResources/S_BoxReflectionCapture.uexp" 50
"../../../Engine/Content/EditorResources/S_Actor.ubulk" 51
"../../../Engine/Content/EditorResources/S_Actor.uasset" 52
"../../../Engine/Content/EditorResources/S_Actor.uexp" 53
"../../../Engine/Content/EditorResources/EmptyActor.uasset" 54
"../../../Engine/Content/EditorResources/EmptyActor.uexp" 55
"../../../Engine/Content/EditorResources/BSPVertex.uasset" 56
"../../../Engine/Content/EditorResources/BSPVertex.uexp" 57
"../../../Engine/Content/EditorResources/SequenceRecorder/RecordingIndicator.uasset" 58
"../../../Engine/Content/EditorResources/SequenceRecorder/RecordingIndicator.uexp" 59
"../../../Engine/Content/EditorResources/SequenceRecorder/Countdown.uasset" 60
"../../../Engine/Content/EditorResources/SequenceRecorder/Countdown.uexp" 61
"../../../Engine/Content/EngineResources/WhiteSquareTexture.uasset" 62
"../../../Engine/Content/EngineResources/WhiteSquareTexture.uexp" 63
"../../../Engine/Content/EngineMaterials/Widget3DPassThrough.uasset" 64
"../../../Engine/Content/EngineMaterials/Widget3DPassThrough.uexp" 65
"../../../Engine/Content/EngineMaterials/Widget3DPassThrough_Translucent.uasset" 66
"../../../Engine/Content/EngineMaterials/Widget3DPassThrough_Translucent.uexp" 67
"../../../Engine/Content/EngineMaterials/Widget3DPassThrough_Translucent_OneSided.uasset" 68
"../../../Engine/Content/EngineMaterials/Widget3DPassThrough_Translucent_OneSided.uexp" 69
"../../../Engine/Content/EngineMaterials/Widget3DPassThrough_Opaque.uasset" 70
"../../../Engine/Content/EngineMaterials/Widget3DPassThrough_Opaque.uexp" 71
"../../../Engine/Content/EngineMaterials/Widget3DPassThrough_Opaque_OneSided.uasset" 72
"../../../Engine/Content/EngineMaterials/Widget3DPassThrough_Opaque_OneSided.uexp" 73
"../../../Engine/Content/EngineMaterials/Widget3DPassThrough_Masked_OneSided.uasset" 74
"../../../Engine/Content/EngineMaterials/Widget3DPassThrough_Masked_OneSided.uexp" 75
"../../../Engine/Content/EngineMaterials/Widget3DPassThrough_Masked.uasset" 76
"../../../Engine/Content/EngineMaterials/Widget3DPassThrough_Masked.uexp" 77
"../../../Engine/Content/EngineMaterials/WeightMapPlaceholderTexture.uasset" 78
"../../../Engine/Content/EngineMaterials/WeightMapPlaceholderTexture.uexp" 79
"../../../Engine/Content/EngineMaterials/RemoveSurfaceMaterial.uasset" 80
"../../../Engine/Content/EngineMaterials/RemoveSurfaceMaterial.uexp" 81
"../../../Engine/Content/EngineMaterials/PreintegratedSkinBRDF.uasset" 82
"../../../Engine/Content/EngineMaterials/PreintegratedSkinBRDF.uexp" 83
"../../../Engine/Content/EngineMaterials/DefaultCalibrationGrayscale.uasset" 84
"../../../Engine/Content/EngineMaterials/DefaultCalibrationGrayscale.uexp" 85
"../../../Engine/Content/EngineMaterials/PPM_DefaultCalibrationGrayscale.uasset" 86
"../../../Engine/Content/EngineMaterials/PPM_DefaultCalibrationGrayscale.uexp" 87
"../../../Engine/Content/EngineMaterials/DefaultCalibrationColor.uasset" 88
"../../../Engine/Content/EngineMaterials/DefaultCalibrationColor.uexp" 89
"../../../Engine/Content/EngineMaterials/PPM_DefaultCalibrationColor.uasset" 90
"../../../Engine/Content/EngineMaterials/PPM_DefaultCalibrationColor.uexp" 91
"../../../Engine/Content/Functions/Engine_MaterialFunctions02/WorldPositionOffset/CameraOffset.uasset" 92
"../../../Engine/Content/Functions/Engine_MaterialFunctions02/WorldPositionOffset/CameraOffset.uexp" 93
"../../../Engine/Content/EngineMaterials/PhAT_JointLimitMaterial.uasset" 94
"../../../Engine/Content/EngineMaterials/PhAT_JointLimitMaterial.uexp" 95
"../../../Engine/Content/EngineMaterials/InvalidLightmapSettings.ubulk" 96
"../../../Engine/Content/EngineMaterials/InvalidLightmapSettings.uasset" 97
"../../../Engine/Content/EngineMaterials/InvalidLightmapSettings.uexp" 98
"../../../Engine/Content/EngineMaterials/M_InvalidLightmapSettings.uasset" 99
"../../../Engine/Content/EngineMaterials/M_InvalidLightmapSettings.uexp" 100
"../../../Engine/Content/EngineMaterials/MiniFont.uasset" 101
"../../../Engine/Content/EngineMaterials/MiniFont.uexp" 102
"../../../Engine/Content/EngineMaterials/Good64x64TilingNoiseHighFreq.uasset" 103
"../../../Engine/Content/EngineMaterials/Good64x64TilingNoiseHighFreq.uexp" 104
"../../../Engine/Content/EngineMaterials/GizmoMaterial.uasset" 105
"../../../Engine/Content/EngineMaterials/GizmoMaterial.uexp" 106
"../../../Engine/Content/EngineMaterials/BaseFlattenEmissiveMap_VT.uasset" 107
"../../../Engine/Content/EngineMaterials/BaseFlattenEmissiveMap_VT.uexp" 108
"../../../Engine/Content/EngineMaterials/BaseFlattenGrayscaleMap_VT.uasset" 109
"../../../Engine/Content/EngineMaterials/BaseFlattenGrayscaleMap_VT.uexp" 110
"../../../Engine/Content/EngineMaterials/BaseFlattenLinearColor_VT.uasset" 111
"../../../Engine/Content/EngineMaterials/BaseFlattenLinearColor_VT.uexp" 112
"../../../Engine/Content/EngineMaterials/Black_1x1_EXR_Texture_VT.uasset" 113
"../../../Engine/Content/EngineMaterials/Black_1x1_EXR_Texture_VT.uexp" 114
"../../../Engine/Content/EngineMaterials/BaseFlattenDiffuseMap_VT.uasset" 115
"../../../Engine/Content/EngineMaterials/BaseFlattenDiffuseMap_VT.uexp" 116
"../../../Engine/Content/EngineMaterials/BaseFlattenNormalMap_VT.uasset" 117
"../../../Engine/Content/EngineMaterials/BaseFlattenNormalMap_VT.uexp" 118
"../../../Engine/Content/EngineMaterials/FlattenMaterial_VT.uasset" 119
"../../../Engine/Content/EngineMaterials/FlattenMaterial_VT.uexp" 120
"../../../Engine/Content/EngineMaterials/BaseFlattenNormalMap.uasset" 121
"../../../Engine/Content/EngineMaterials/BaseFlattenNormalMap.uexp" 122
"../../../Engine/Content/EngineMaterials/BaseFlattenGrayscaleMap.uasset" 123
"../../../Engine/Content/EngineMaterials/BaseFlattenGrayscaleMap.uexp" 124
"../../../Engine/Content/EngineMaterials/BaseFlattenDiffuseMap.uasset" 125
"../../../Engine/Content/EngineMaterials/BaseFlattenDiffuseMap.uexp" 126
"../../../Engine/Content/Functions/Engine_MaterialFunctions02/PivotPainter2/Black_1x1_EXR_Texture.uasset" 127
"../../../Engine/Content/Functions/Engine_MaterialFunctions02/PivotPainter2/Black_1x1_EXR_Texture.uexp" 128
"../../../Engine/Content/EngineMaterials/BaseFlattenEmissiveMap.uasset" 129
"../../../Engine/Content/EngineMaterials/BaseFlattenEmissiveMap.uexp" 130
"../../../Engine/Content/EngineMaterials/BaseFlattenLinearColor.uasset" 131
"../../../Engine/Content/EngineMaterials/BaseFlattenLinearColor.uexp" 132
"../../../Engine/Content/EngineMaterials/FlattenMaterial.uasset" 133
"../../../Engine/Content/EngineMaterials/FlattenMaterial.uexp" 134
"../../../Engine/Content/EngineMaterials/DefaultWhiteGrid_Low.uasset" 135
"../../../Engine/Content/EngineMaterials/DefaultWhiteGrid_Low.uexp" 136
"../../../Engine/Content/EngineMaterials/EmissiveMeshMaterial.uasset" 137
"../../../Engine/Content/EngineMaterials/EmissiveMeshMaterial.uexp" 138
"../../../Engine/Content/EngineMaterials/DefaultWhiteGrid.ubulk" 139
"../../../Engine/Content/EngineMaterials/DefaultWhiteGrid.uasset" 140
"../../../Engine/Content/EngineMaterials/DefaultWhiteGrid.uexp" 141
"../../../Engine/Content/EngineFonts/RobotoDistanceField.uasset" 142
"../../../Engine/Content/EngineFonts/RobotoDistanceField.uexp" 143
"../../../Engine/Content/EngineMaterials/DefaultTextMaterialOpaque.uasset" 144
"../../../Engine/Content/EngineMaterials/DefaultTextMaterialOpaque.uexp" 145
"../../../Engine/Content/EngineMaterials/DefaultDiffuse.ubulk" 146
"../../../Engine/Content/EngineMaterials/DefaultDiffuse.uasset" 147
"../../../Engine/Content/EngineMaterials/DefaultDiffuse.uexp" 148
"../../../Engine/Content/Functions/Engine_MaterialFunctions02/Utility/BreakOutFloat2Components.uasset" 149
"../../../Engine/Content/Functions/Engine_MaterialFunctions02/Utility/BreakOutFloat2Components.uexp" 150
"../../../Engine/Content/EngineMaterials/DefaultPostProcessMaterial.uasset" 151
"../../../Engine/Content/EngineMaterials/DefaultPostProcessMaterial.uexp" 152
"../../../Engine/Content/EngineMeshes/Sphere.ubulk" 153
"../../../Engine/Content/EngineMeshes/Sphere.uasset" 154
"../../../Engine/Content/EngineMeshes/Sphere.uexp" 155
"../../../Engine/Content/EngineMaterials/DefaultLightFunctionMaterial.uasset" 156
"../../../Engine/Content/EngineMaterials/DefaultLightFunctionMaterial.uexp" 157
"../../../Engine/Content/EngineMaterials/DefaultDestructiblePhysicalMaterial.uasset" 158
"../../../Engine/Content/EngineMaterials/DefaultDestructiblePhysicalMaterial.uexp" 159
"../../../Engine/Content/EngineMaterials/DefaultDeferredDecalMaterial.uasset" 160
"../../../Engine/Content/EngineMaterials/DefaultDeferredDecalMaterial.uexp" 161
"../../../Engine/Content/EngineMaterials/DefaultBokeh.uasset" 162
"../../../Engine/Content/EngineMaterials/DefaultBokeh.uexp" 163
"../../../Engine/Content/EngineMaterials/DefaultBloomKernel.uasset" 164
"../../../Engine/Content/EngineMaterials/DefaultBloomKernel.uexp" 165
"../../../Engine/Content/EngineMaterials/BlueNoise.uasset" 166
"../../../Engine/Content/EngineMaterials/BlueNoise.uexp" 167
"../../../Engine/Content/EditorMaterials/Camera/CineMat.uasset" 168
"../../../Engine/Content/EditorMaterials/Camera/CineMat.uexp" 169
"../../../Engine/Content/EditorMaterials/Camera/MI_CineMat_Rig.uasset" 170
"../../../Engine/Content/EditorMaterials/Camera/MI_CineMat_Rig.uexp" 171
"../../../Engine/Content/EditorMeshes/Camera/SM_RailRig_Track.ubulk" 172
"../../../Engine/Content/EditorMeshes/Camera/SM_RailRig_Track.uasset" 173
"../../../Engine/Content/EditorMeshes/Camera/SM_RailRig_Track.uexp" 174
"../../../Engine/Content/EditorMeshes/Camera/SM_RailRig_Mount.ubulk" 175
"../../../Engine/Content/EditorMeshes/Camera/SM_RailRig_Mount.uasset" 176
"../../../Engine/Content/EditorMeshes/Camera/SM_RailRig_Mount.uexp" 177
"../../../Engine/Content/EditorMeshes/Camera/SM_CraneRig_Mount.ubulk" 178
"../../../Engine/Content/EditorMeshes/Camera/SM_CraneRig_Mount.uasset" 179
"../../../Engine/Content/EditorMeshes/Camera/SM_CraneRig_Mount.uexp" 180
"../../../Engine/Content/EditorMeshes/Camera/SM_CraneRig_Body.ubulk" 181
"../../../Engine/Content/EditorMeshes/Camera/SM_CraneRig_Body.uasset" 182
"../../../Engine/Content/EditorMeshes/Camera/SM_CraneRig_Body.uexp" 183
"../../../Engine/Content/EditorMeshes/Camera/SM_CraneRig_Base.ubulk" 184
"../../../Engine/Content/EditorMeshes/Camera/SM_CraneRig_Base.uasset" 185
"../../../Engine/Content/EditorMeshes/Camera/SM_CraneRig_Base.uexp" 186
"../../../Engine/Content/EditorMeshes/Camera/SM_CraneRig_Arm.ubulk" 187
"../../../Engine/Content/EditorMeshes/Camera/SM_CraneRig_Arm.uasset" 188
"../../../Engine/Content/EditorMeshes/Camera/SM_CraneRig_Arm.uexp" 189
"../../../Engine/Content/EditorMaterials/PreviewShadowIndicator.ubulk" 190
"../../../Engine/Content/EditorMaterials/PreviewShadowIndicator.uasset" 191
"../../../Engine/Content/EditorMaterials/PreviewShadowIndicator.uexp" 192
"../../../Engine/Content/EditorMaterials/PreviewShadowIndicatorMaterial.uasset" 193
"../../../Engine/Content/EditorMaterials/PreviewShadowIndicatorMaterial.uexp" 194
"../../../Engine/Content/EditorMaterials/MAT_Groups_Visibility.uasset" 195
"../../../Engine/Content/EditorMaterials/MAT_Groups_Visibility.uexp" 196
"../../../Engine/Content/EditorMaterials/MAT_Groups_Toggle.uasset" 197
"../../../Engine/Content/EditorMaterials/MAT_Groups_Toggle.uexp" 198
"../../../Engine/Content/EngineResources/GradientTexture0.uasset" 199
"../../../Engine/Content/EngineResources/GradientTexture0.uexp" 200
"../../../Engine/Content/EngineResources/DefaultVolumeTexture2D.uasset" 201
"../../../Engine/Content/EngineResources/DefaultVolumeTexture2D.uexp" 202
"../../../Engine/Content/EngineResources/DefaultVolumeTexture.uasset" 203
"../../../Engine/Content/EngineResources/DefaultVolumeTexture.uexp" 204
"../../../Engine/Content/EngineResources/DefaultTextureCube.uasset" 205
"../../../Engine/Content/EngineResources/DefaultTextureCube.uexp" 206
"../../../Engine/Content/EngineResources/DefaultTexture.ubulk" 207
"../../../Engine/Content/EngineResources/DefaultTexture.uasset" 208
"../../../Engine/Content/EngineResources/DefaultTexture.uexp" 209
"../../../Engine/Content/EngineResources/Black.uasset" 210
"../../../Engine/Content/EngineResources/Black.uexp" 211
"../../../Engine/Content/Functions/Engine_MaterialFunctions02/Utility/MakeFloat4.uasset" 212
"../../../Engine/Content/Functions/Engine_MaterialFunctions02/Utility/MakeFloat4.uexp" 213
"../../../Engine/Content/Functions/Engine_MaterialFunctions02/Utility/MakeFloat3.uasset" 214
"../../../Engine/Content/Functions/Engine_MaterialFunctions02/Utility/MakeFloat3.uexp" 215
"../../../Engine/Content/Functions/Engine_MaterialFunctions02/Utility/BreakOutFloat3Components.uasset" 216
"../../../Engine/Content/Functions/Engine_MaterialFunctions02/Utility/BreakOutFloat3Components.uexp" 217
"../../../Engine/Content/EditorMaterials/WorldPartition/WorldPartitionSpatialHashGridPreviewMaterial.uasset" 218
"../../../Engine/Content/EditorMaterials/WorldPartition/WorldPartitionSpatialHashGridPreviewMaterial.uexp" 219
"../../../Engine/Content/EditorMaterials/ParticleSystems/PSysThumbnail_OOD.ubulk" 220
"../../../Engine/Content/EditorMaterials/ParticleSystems/PSysThumbnail_OOD.uasset" 221
"../../../Engine/Content/EditorMaterials/ParticleSystems/PSysThumbnail_OOD.uexp" 222
"../../../Engine/Content/EditorMaterials/ParticleSystems/PSysThumbnail_NoImage.ubulk" 223
"../../../Engine/Content/EditorMaterials/ParticleSystems/PSysThumbnail_NoImage.uasset" 224
"../../../Engine/Content/EditorMaterials/ParticleSystems/PSysThumbnail_NoImage.uexp" 225
"../../../Engine/Content/EditorMaterials/MatineeGroups/MAT_Groups_Vector.uasset" 226
"../../../Engine/Content/EditorMaterials/MatineeGroups/MAT_Groups_Vector.uexp" 227
"../../../Engine/Content/EditorMaterials/MatineeGroups/MAT_Groups_Sound.uasset" 228
"../../../Engine/Content/EditorMaterials/MatineeGroups/MAT_Groups_Sound.uexp" 229
"../../../Engine/Content/EditorMaterials/MatineeGroups/MAT_Groups_Slomo.uasset" 230
"../../../Engine/Content/EditorMaterials/MatineeGroups/MAT_Groups_Slomo.uexp" 231
"../../../Engine/Content/EditorMaterials/MatineeGroups/MAT_Groups_Move.uasset" 232
"../../../Engine/Content/EditorMaterials/MatineeGroups/MAT_Groups_Move.uexp" 233
"../../../Engine/Content/EditorMaterials/MatineeGroups/MAT_Groups_Float.uasset" 234
"../../../Engine/Content/EditorMaterials/MatineeGroups/MAT_Groups_Float.uexp" 235
"../../../Engine/Content/EditorMaterials/MatineeGroups/MAT_Groups_Fade.uasset" 236
"../../../Engine/Content/EditorMaterials/MatineeGroups/MAT_Groups_Fade.uexp" 237
"../../../Engine/Content/EditorMaterials/MatineeGroups/MAT_Groups_Event.uasset" 238
"../../../Engine/Content/EditorMaterials/MatineeGroups/MAT_Groups_Event.uexp" 239
"../../../Engine/Content/EditorMaterials/MatineeGroups/MAT_Groups_Director.uasset" 240
"../../../Engine/Content/EditorMaterials/MatineeGroups/MAT_Groups_Director.uexp" 241
"../../../Engine/Content/EditorMaterials/MatineeGroups/MAT_Groups_AudioMaster.uasset" 242
"../../../Engine/Content/EditorMaterials/MatineeGroups/MAT_Groups_AudioMaster.uexp" 243
"../../../Engine/Content/EditorMaterials/MatineeGroups/MAT_Groups_Anim.uasset" 244
"../../../Engine/Content/EditorMaterials/MatineeGroups/MAT_Groups_Anim.uexp" 245
"../../../Engine/Content/EditorMaterials/MatineeGroups/MAT_ColorTrack.uasset" 246
"../../../Engine/Content/EditorMaterials/MatineeGroups/MAT_ColorTrack.uexp" 247
"../../../Engine/Content/EngineResources/FilmGrains/Marcie_Grain_v3_128_M2_000.uasset" 248
"../../../Engine/Content/EngineResources/FilmGrains/Marcie_Grain_v3_128_M2_000.uexp" 249
"../../../Engine/Content/EditorLandscapeResources/DefaultAlphaTexture.uasset" 250
"../../../Engine/Content/EditorLandscapeResources/DefaultAlphaTexture.uexp" 251
"../../../Engine/Content/EditorLandscapeResources/DataLayer.uasset" 252
"../../../Engine/Content/EditorLandscapeResources/DataLayer.uexp" 253
"../../../Engine/Content/EngineMaterials/T_Default_Material_Grid_M.ubulk" 254
"../../../Engine/Content/EngineMaterials/T_Default_Material_Grid_M.uasset" 255
"../../../Engine/Content/EngineMaterials/T_Default_Material_Grid_M.uexp" 256
"../../../Engine/Content/EngineMaterials/T_Default_Material_Grid_N.ubulk" 257
"../../../Engine/Content/EngineMaterials/T_Default_Material_Grid_N.uasset" 258
"../../../Engine/Content/EngineMaterials/T_Default_Material_Grid_N.uexp" 259
"../../../Engine/Content/Functions/Engine_MaterialFunctions01/Opacity/CameraDepthFade.uasset" 260
"../../../Engine/Content/Functions/Engine_MaterialFunctions01/Opacity/CameraDepthFade.uexp" 261
"../../../Engine/Content/EngineMaterials/DefaultMaterial.uasset" 262
"../../../Engine/Content/EngineMaterials/DefaultMaterial.uexp" 263
"../../../Engine/Content/BasicShapes/Sphere.ubulk" 264
"../../../Engine/Content/BasicShapes/Sphere.uasset" 265
"../../../Engine/Content/BasicShapes/Sphere.uexp" 266
"../../../Engine/Content/EngineMaterials/WorldGridMaterial.uasset" 267
"../../../Engine/Content/EngineMaterials/WorldGridMaterial.uexp" 268
"../../../Engine/Content/BasicShapes/Plane.ubulk" 269
"../../../Engine/Content/BasicShapes/Plane.uasset" 270
"../../../Engine/Content/BasicShapes/Plane.uexp" 271
"../../../Engine/Content/BasicShapes/Cylinder.ubulk" 272
"../../../Engine/Content/BasicShapes/Cylinder.uasset" 273
"../../../Engine/Content/BasicShapes/Cylinder.uexp" 274
"../../../Engine/Content/BasicShapes/Cube.ubulk" 275
"../../../Engine/Content/BasicShapes/Cube.uasset" 276
"../../../Engine/Content/BasicShapes/Cube.uexp" 277
"../../../Engine/Content/BasicShapes/Cone.ubulk" 278
"../../../Engine/Content/BasicShapes/Cone.uasset" 279
"../../../Engine/Content/BasicShapes/Cone.uexp" 280
"../../../Engine/Content/BasicShapes/BasicShapeMaterial.uasset" 281
"../../../Engine/Content/BasicShapes/BasicShapeMaterial.uexp" 282
"../../../Engine/Content/ArtTools/RenderToTexture/Meshes/S_1_Unit_Plane.ubulk" 283
"../../../Engine/Content/ArtTools/RenderToTexture/Meshes/S_1_Unit_Plane.uasset" 284
"../../../Engine/Content/ArtTools/RenderToTexture/Meshes/S_1_Unit_Plane.uexp" 285
"../../../Engine/Content/EngineSky/VolumetricClouds/CloudWeatherTexture.uasset" 286
"../../../Engine/Content/EngineSky/VolumetricClouds/CloudWeatherTexture.uexp" 287
"../../../Engine/Content/Functions/Engine_MaterialFunctions02/Utility/MakeFloat2.uasset" 288
"../../../Engine/Content/Functions/Engine_MaterialFunctions02/Utility/MakeFloat2.uexp" 289
"../../../Engine/Content/EngineSky/VolumetricClouds/CloudGradientTexture.uasset" 290
"../../../Engine/Content/EngineSky/VolumetricClouds/CloudGradientTexture.uexp" 291
"../../../Engine/Content/EngineSky/VolumetricClouds/T_NoiseShape64.ubulk" 292
"../../../Engine/Content/EngineSky/VolumetricClouds/T_NoiseShape64.uasset" 293
"../../../Engine/Content/EngineSky/VolumetricClouds/T_NoiseShape64.uexp" 294
"../../../Engine/Content/EngineSky/VolumetricClouds/T_VolumeNoiseShape64.uasset" 295
"../../../Engine/Content/EngineSky/VolumetricClouds/T_VolumeNoiseShape64.uexp" 296
"../../../Engine/Content/EngineSky/VolumetricClouds/T_NoiseErosion.ubulk" 297
"../../../Engine/Content/EngineSky/VolumetricClouds/T_NoiseErosion.uasset" 298
"../../../Engine/Content/EngineSky/VolumetricClouds/T_NoiseErosion.uexp" 299
"../../../Engine/Content/EngineSky/VolumetricClouds/T_VolumeNoiseErosion32.uasset" 300
"../../../Engine/Content/EngineSky/VolumetricClouds/T_VolumeNoiseErosion32.uexp" 301
"../../../Engine/Content/EngineSky/VolumetricClouds/m_SimpleVolumetricCloud.uasset" 302
"../../../Engine/Content/EngineSky/VolumetricClouds/m_SimpleVolumetricCloud.uexp" 303
"../../../Engine/Content/EngineSky/VolumetricClouds/m_SimpleVolumetricCloud_Inst.uasset" 304
"../../../Engine/Content/EngineSky/VolumetricClouds/m_SimpleVolumetricCloud_Inst.uexp" 305
"../../../Engine/Content/EngineSounds/Master.uasset" 306
"../../../Engine/Content/EngineSounds/Master.uexp" 307
"../../../Engine/Content/Functions/Engine_MaterialFunctions01/Shading/PowerToRoughness.uasset" 308
"../../../Engine/Content/Functions/Engine_MaterialFunctions01/Shading/PowerToRoughness.uexp" 309
"../../../Engine/Content/Functions/Engine_MaterialFunctions01/Shading/ConvertFromDiffSpec.uasset" 310
"../../../Engine/Content/Functions/Engine_MaterialFunctions01/Shading/ConvertFromDiffSpec.uexp" 311
"../../../Engine/Content/MobileResources/HUD/VirtualJoystick_Background.uasset" 312
"../../../Engine/Content/MobileResources/HUD/VirtualJoystick_Background.uexp" 313
"../../../Engine/Content/MobileResources/HUD/VirtualJoystick_Thumb.uasset" 314
"../../../Engine/Content/MobileResources/HUD/VirtualJoystick_Thumb.uexp" 315
"../../../Engine/Content/MobileResources/HUD/DefaultVirtualJoysticks.uasset" 316
"../../../Engine/Content/MobileResources/HUD/DefaultVirtualJoysticks.uexp" 317
"../../../Engine/Content/Tutorial/ContentIntroCurve.uasset" 318
"../../../Engine/Content/Tutorial/ContentIntroCurve.uexp" 319
"../../../Engine/Content/VREditor/TransformGizmo/Main.uasset" 320
"../../../Engine/Content/VREditor/TransformGizmo/Main.uexp" 321
"../../../Engine/Content/VREditor/TransformGizmo/Xray.uasset" 322
"../../../Engine/Content/VREditor/TransformGizmo/Xray.uexp" 323
"../../../Engine/Content/VREditor/TransformGizmo/SM_Sequencer_Node.ubulk" 324
"../../../Engine/Content/VREditor/TransformGizmo/SM_Sequencer_Node.uasset" 325
"../../../Engine/Content/VREditor/TransformGizmo/SM_Sequencer_Node.uexp" 326
"../../../Engine/Content/VREditor/LaserPointer/VR_LaserPower_01.ubulk" 327
"../../../Engine/Content/VREditor/LaserPointer/VR_LaserPower_01.uasset" 328
"../../../Engine/Content/VREditor/LaserPointer/VR_LaserPower_01.uexp" 329
"../../../Engine/Content/VREditor/TransformGizmo/TransformGizmoMaterial.uasset" 330
"../../../Engine/Content/VREditor/TransformGizmo/TransformGizmoMaterial.uexp" 331
"../../../Engine/Content/VREditor/TransformGizmo/TranslucentTransformGizmoMaterial.uasset" 332
"../../../Engine/Content/VREditor/TransformGizmo/TranslucentTransformGizmoMaterial.uexp" 333
"../../../Engine/Content/VREditor/TransformGizmo/PlaneTranslationHandle.ubulk" 334
"../../../Engine/Content/VREditor/TransformGizmo/PlaneTranslationHandle.uasset" 335
"../../../Engine/Content/VREditor/TransformGizmo/PlaneTranslationHandle.uexp" 336
"../../../Engine/Content/VREditor/TransformGizmo/BoundingBoxEdge.ubulk" 337
"../../../Engine/Content/VREditor/TransformGizmo/BoundingBoxEdge.uasset" 338
"../../../Engine/Content/VREditor/TransformGizmo/BoundingBoxEdge.uexp" 339
"../../../Engine/Content/VREditor/TransformGizmo/BoundingBoxCorner.ubulk" 340
"../../../Engine/Content/VREditor/TransformGizmo/BoundingBoxCorner.uasset" 341
"../../../Engine/Content/VREditor/TransformGizmo/BoundingBoxCorner.uexp" 342
"../../../Engine/Content/EngineMaterials/DefaultPhysicalMaterial.uasset" 343
"../../../Engine/Content/EngineMaterials/DefaultPhysicalMaterial.uexp" 344
"../../../Engine/Content/EngineMaterials/BlendFunc_DefBlend.uasset" 345
"../../../Engine/Content/EngineMaterials/BlendFunc_DefBlend.uexp" 346
"../../../Engine/Content/EngineMaterials/BlendFunc_DefBase.uasset" 347
"../../../Engine/Content/EngineMaterials/BlendFunc_DefBase.uexp" 348
"../../../Engine/Content/Functions/Engine_MaterialFunctions03/Blends/Blend_Overlay.uasset" 349
"../../../Engine/Content/Functions/Engine_MaterialFunctions03/Blends/Blend_Overlay.uexp" 350
"../../../Engine/Content/OpenWorldTemplate/LandscapeMaterial/T_GridChecker_A.ubulk" 351
"../../../Engine/Content/OpenWorldTemplate/LandscapeMaterial/T_GridChecker_A.uasset" 352
"../../../Engine/Content/OpenWorldTemplate/LandscapeMaterial/T_GridChecker_A.uexp" 353
"../../../Engine/Content/Functions/Engine_MaterialFunctions01/Gradient/LinearGradient.uasset" 354
"../../../Engine/Content/Functions/Engine_MaterialFunctions01/Gradient/LinearGradient.uexp" 355
"../../../Engine/Content/Functions/Engine_MaterialFunctions01/ImageAdjustment/CheapContrast.uasset" 356
"../../../Engine/Content/Functions/Engine_MaterialFunctions01/ImageAdjustment/CheapContrast.uexp" 357
"../../../Engine/Content/OpenWorldTemplate/LandscapeMaterial/MF_ProcGrid.uasset" 358
"../../../Engine/Content/OpenWorldTemplate/LandscapeMaterial/MF_ProcGrid.uexp" 359
"../../../Engine/Content/OpenWorldTemplate/LandscapeMaterial/M_ProcGrid.uasset" 360
"../../../Engine/Content/OpenWorldTemplate/LandscapeMaterial/M_ProcGrid.uexp" 361
"../../../Engine/Content/EngineMaterials/FlattenMaterial_WS_Normal_VT.uasset" 362
"../../../Engine/Content/EngineMaterials/FlattenMaterial_WS_Normal_VT.uexp" 363
"../../../Engine/Content/OpenWorldTemplate/HLOD/HLOD0_Instancing.uasset" 364
"../../../Engine/Content/OpenWorldTemplate/HLOD/HLOD0_Instancing.uexp" 365
"../../../Engine/Content/EngineSky/T_Sky_Stars.ubulk" 366
"../../../Engine/Content/EngineSky/T_Sky_Stars.uasset" 367
"../../../Engine/Content/EngineSky/T_Sky_Stars.uexp" 368
"../../../Engine/Content/EngineSky/T_Sky_Clouds_M.ubulk" 369
"../../../Engine/Content/EngineSky/T_Sky_Clouds_M.uasset" 370
"../../../Engine/Content/EngineSky/T_Sky_Clouds_M.uexp" 371
"../../../Engine/Content/EngineSky/T_Sky_Blue.ubulk" 372
"../../../Engine/Content/EngineSky/T_Sky_Blue.uasset" 373
"../../../Engine/Content/EngineSky/T_Sky_Blue.uexp" 374
"../../../Engine/Content/EngineSky/M_Sky_Panning_Clouds2.uasset" 375
"../../../Engine/Content/EngineSky/M_Sky_Panning_Clouds2.uexp" 376
"../../../Engine/Content/EngineSky/SM_SkySphere.ubulk" 377
"../../../Engine/Content/EngineSky/SM_SkySphere.uasset" 378
"../../../Engine/Content/EngineSky/SM_SkySphere.uexp" 379
"../../../Engine/Content/EngineSky/M_SimpleSkyDome.uasset" 380
"../../../Engine/Content/EngineSky/M_SimpleSkyDome.uexp" 381
"../../../Engine/Plugins/2D/Paper2D/Content/PlaceholderTextures/DummySpriteTexture.ubulk" 382
"../../../Engine/Plugins/2D/Paper2D/Content/PlaceholderTextures/DummySpriteTexture.uasset" 383
"../../../Engine/Plugins/2D/Paper2D/Content/PlaceholderTextures/DummySpriteTexture.uexp" 384
"../../../Engine/Plugins/2D/Paper2D/Content/DefaultSpriteMaterial.uasset" 385
"../../../Engine/Plugins/2D/Paper2D/Content/DefaultSpriteMaterial.uexp" 386
"../../../Engine/Plugins/2D/Paper2D/Content/OpaqueUnlitSpriteMaterial.uasset" 387
"../../../Engine/Plugins/2D/Paper2D/Content/OpaqueUnlitSpriteMaterial.uexp" 388
"../../../Engine/Plugins/2D/Paper2D/Content/MaskedUnlitSpriteMaterial.uasset" 389
"../../../Engine/Plugins/2D/Paper2D/Content/MaskedUnlitSpriteMaterial.uexp" 390
"../../../Engine/Plugins/2D/Paper2D/Content/DummySprite.uasset" 391
"../../../Engine/Plugins/2D/Paper2D/Content/DummySprite.uexp" 392
"../../../Engine/Plugins/2D/Paper2D/Content/DefaultPaperTerrainMaterial.uasset" 393
"../../../Engine/Plugins/2D/Paper2D/Content/DefaultPaperTerrainMaterial.uexp" 394
"../../../Engine/Plugins/Editor/SpeedTreeImporter/Content/SpeedTree9/game_wind_noise.ubulk" 395
"../../../Engine/Plugins/Editor/SpeedTreeImporter/Content/SpeedTree9/game_wind_noise.uasset" 396
"../../../Engine/Plugins/Editor/SpeedTreeImporter/Content/SpeedTree9/game_wind_noise.uexp" 397
"../../../Engine/Plugins/Editor/SpeedTreeImporter/Content/SpeedTree9/UnpackDirection.uasset" 398
"../../../Engine/Plugins/Editor/SpeedTreeImporter/Content/SpeedTree9/UnpackDirection.uexp" 399
"../../../Engine/Content/Functions/Engine_MaterialFunctions02/ObjectLocalBounds.uasset" 400
"../../../Engine/Content/Functions/Engine_MaterialFunctions02/ObjectLocalBounds.uexp" 401
"../../../Engine/Content/Functions/Engine_MaterialFunctions02/UVs/BoundingBoxBased_0-1_UVW.uasset" 402
"../../../Engine/Content/Functions/Engine_MaterialFunctions02/UVs/BoundingBoxBased_0-1_UVW.uexp" 403
"../../../Engine/Content/Functions/Engine_MaterialFunctions02/Utility/VectorLength.uasset" 404
"../../../Engine/Content/Functions/Engine_MaterialFunctions02/Utility/VectorLength.uexp" 405
"../../../Engine/Plugins/Editor/SpeedTreeImporter/Content/SpeedTree9/UnpackInteger3.uasset" 406
"../../../Engine/Plugins/Editor/SpeedTreeImporter/Content/SpeedTree9/UnpackInteger3.uexp" 407
"../../../Engine/Plugins/Editor/SpeedTreeImporter/Content/SpeedTree9/SpeedTreeCameraFacing.uasset" 408
"../../../Engine/Plugins/Editor/SpeedTreeImporter/Content/SpeedTree9/SpeedTreeCameraFacing.uexp" 409
"../../../Engine/Content/Functions/Engine_MaterialFunctions02/WorldPositionOffset/ObjectScale.uasset" 410
"../../../Engine/Content/Functions/Engine_MaterialFunctions02/WorldPositionOffset/ObjectScale.uexp" 411
"../../../Engine/Content/Functions/Engine_MaterialFunctions02/SafeNormalize.uasset" 412
"../../../Engine/Content/Functions/Engine_MaterialFunctions02/SafeNormalize.uexp" 413
"../../../Engine/Plugins/Editor/SpeedTreeImporter/Content/SpeedTree9/SpeedTreeWindMotion.uasset" 414
"../../../Engine/Plugins/Editor/SpeedTreeImporter/Content/SpeedTree9/SpeedTreeWindMotion.uexp" 415
"../../../Engine/Plugins/Editor/SpeedTreeImporter/Content/SpeedTree9/SpeedTreeBranchMotion.uasset" 416
"../../../Engine/Plugins/Editor/SpeedTreeImporter/Content/SpeedTree9/SpeedTreeBranchMotion.uexp" 417
"../../../Engine/Plugins/Editor/SpeedTreeImporter/Content/SpeedTree9/SpeedTreeWind.uasset" 418
"../../../Engine/Plugins/Editor/SpeedTreeImporter/Content/SpeedTree9/SpeedTreeWind.uexp" 419
"../../../Engine/Plugins/Editor/SpeedTreeImporter/Content/SpeedTree9/EmptyNormal.uasset" 420
"../../../Engine/Plugins/Editor/SpeedTreeImporter/Content/SpeedTree9/EmptyNormal.uexp" 421
"../../../Engine/Plugins/Editor/SpeedTreeImporter/Content/SpeedTree9/Empty.uasset" 422
"../../../Engine/Plugins/Editor/SpeedTreeImporter/Content/SpeedTree9/Empty.uexp" 423
"../../../Engine/Plugins/Editor/SpeedTreeImporter/Content/SpeedTree9/SpeedTreeMaster.uasset" 424
"../../../Engine/Plugins/Editor/SpeedTreeImporter/Content/SpeedTree9/SpeedTreeMaster.uexp" 425
"../../../Engine/Plugins/Editor/SpeedTreeImporter/Content/SpeedTree9/SpeedTreeBillboard.uasset" 426
"../../../Engine/Plugins/Editor/SpeedTreeImporter/Content/SpeedTree9/SpeedTreeBillboard.uexp" 427
"../../../Engine/Plugins/Editor/SpeedTreeImporter/Content/SpeedTree9/SpeedTreeBillboardMaster.uasset" 428
"../../../Engine/Plugins/Editor/SpeedTreeImporter/Content/SpeedTree9/SpeedTreeBillboardMaster.uexp" 429
"../../../Engine/Plugins/Animation/ControlRig/Content/M_Manip.uasset" 430
"../../../Engine/Plugins/Animation/ControlRig/Content/M_Manip.uexp" 431
"../../../Engine/Plugins/Animation/ControlRig/Content/Controls/DefaultGizmoLibraryNormalized.uasset" 432
"../../../Engine/Plugins/Animation/ControlRig/Content/Controls/DefaultGizmoLibraryNormalized.uexp" 433
"../../../Engine/Plugins/Animation/ControlRig/Content/Controls/ControlRig_Wedge_solid.ubulk" 434
"../../../Engine/Plugins/Animation/ControlRig/Content/Controls/ControlRig_Wedge_solid.uasset" 435
"../../../Engine/Plugins/Animation/ControlRig/Content/Controls/ControlRig_Wedge_solid.uexp" 436
"../../../Engine/Plugins/Animation/ControlRig/Content/Controls/ControlRig_Wedge_3mm.ubulk" 437
"../../../Engine/Plugins/Animation/ControlRig/Content/Controls/ControlRig_Wedge_3mm.uasset" 438
"../../../Engine/Plugins/Animation/ControlRig/Content/Controls/ControlRig_Wedge_3mm.uexp" 439
"../../../Engine/Plugins/Animation/ControlRig/Content/Controls/ControlRig_Wedge_1mm.ubulk" 440
"../../../Engine/Plugins/Animation/ControlRig/Content/Controls/ControlRig_Wedge_1mm.uasset" 441
"../../../Engine/Plugins/Animation/ControlRig/Content/Controls/ControlRig_Wedge_1mm.uexp" 442
"../../../Engine/Plugins/Animation/ControlRig/Content/Controls/ControlRig_Triangle_solid.ubulk" 443
"../../../Engine/Plugins/Animation/ControlRig/Content/Controls/ControlRig_Triangle_solid.uasset" 444
"../../../Engine/Plugins/Animation/ControlRig/Content/Controls/ControlRig_Triangle_solid.uexp" 445
"../../../Engine/Plugins/Animation/ControlRig/Content/Controls/ControlRig_Triangle_3mm.ubulk" 446
"../../../Engine/Plugins/Animation/ControlRig/Content/Controls/ControlRig_Triangle_3mm.uasset" 447
"../../../Engine/Plugins/Animation/ControlRig/Content/Controls/ControlRig_Triangle_3mm.uexp" 448
"../../../Engine/Plugins/Animation/ControlRig/Content/Controls/ControlRig_Triangle_1mm.ubulk" 449
"../../../Engine/Plugins/Animation/ControlRig/Content/Controls/ControlRig_Triangle_1mm.uasset" 450
"../../../Engine/Plugins/Animation/ControlRig/Content/Controls/ControlRig_Triangle_1mm.uexp" 451
"../../../Engine/Plugins/Animation/ControlRig/Content/Controls/ControlRig_Star4_solid.ubulk" 452
"../../../Engine/Plugins/Animation/ControlRig/Content/Controls/ControlRig_Star4_solid.uasset" 453
"../../../Engine/Plugins/Animation/ControlRig/Content/Controls/ControlRig_Star4_solid.uexp" 454
"../../../Engine/Plugins/Animation/ControlRig/Content/Controls/ControlRig_Star4_3mm.ubulk" 455
"../../../Engine/Plugins/Animation/ControlRig/Content/Controls/ControlRig_Star4_3mm.uasset" 456
"../../../Engine/Plugins/Animation/ControlRig/Content/Controls/ControlRig_Star4_3mm.uexp" 457
"../../../Engine/Plugins/Animation/ControlRig/Content/Controls/ControlRig_Star4_1mm.ubulk" 458
"../../../Engine/Plugins/Animation/ControlRig/Content/Controls/ControlRig_Star4_1mm.uasset" 459
"../../../Engine/Plugins/Animation/ControlRig/Content/Controls/ControlRig_Star4_1mm.uexp" 460
"../../../Engine/Plugins/Animation/ControlRig/Content/Controls/ControlRig_Square_solid.ubulk" 461
"../../../Engine/Plugins/Animation/ControlRig/Content/Controls/ControlRig_Square_solid.uasset" 462
"../../../Engine/Plugins/Animation/ControlRig/Content/Controls/ControlRig_Square_solid.uexp" 463
"../../../Engine/Plugins/Animation/ControlRig/Content/Controls/ControlRig_Square_3mm.ubulk" 464
"../../../Engine/Plugins/Animation/ControlRig/Content/Controls/ControlRig_Square_3mm.uasset" 465
"../../../Engine/Plugins/Animation/ControlRig/Content/Controls/ControlRig_Square_3mm.uexp" 466
"../../../Engine/Plugins/Animation/ControlRig/Content/Controls/ControlRig_Square_1mm.ubulk" 467
"../../../Engine/Plugins/Animation/ControlRig/Content/Controls/ControlRig_Square_1mm.uasset" 468
"../../../Engine/Plugins/Animation/ControlRig/Content/Controls/ControlRig_Square_1mm.uexp" 469
"../../../Engine/Plugins/Animation/ControlRig/Content/Controls/ControlRig_Sphere_solid.ubulk" 470
"../../../Engine/Plugins/Animation/ControlRig/Content/Controls/ControlRig_Sphere_solid.uasset" 471
"../../../Engine/Plugins/Animation/ControlRig/Content/Controls/ControlRig_Sphere_solid.uexp" 472
"../../../Engine/Plugins/Animation/ControlRig/Content/Controls/ControlRig_Sphere_3mm.ubulk" 473
"../../../Engine/Plugins/Animation/ControlRig/Content/Controls/ControlRig_Sphere_3mm.uasset" 474
"../../../Engine/Plugins/Animation/ControlRig/Content/Controls/ControlRig_Sphere_3mm.uexp" 475
"../../../Engine/Plugins/Animation/ControlRig/Content/Controls/ControlRig_Sphere_1mm.ubulk" 476
"../../../Engine/Plugins/Animation/ControlRig/Content/Controls/ControlRig_Sphere_1mm.uasset" 477
"../../../Engine/Plugins/Animation/ControlRig/Content/Controls/ControlRig_Sphere_1mm.uexp" 478
"../../../Engine/Plugins/Animation/ControlRig/Content/Controls/ControlRig_RoundedTriangle_solid.ubulk" 479
"../../../Engine/Plugins/Animation/ControlRig/Content/Controls/ControlRig_RoundedTriangle_solid.uasset" 480
"../../../Engine/Plugins/Animation/ControlRig/Content/Controls/ControlRig_RoundedTriangle_solid.uexp" 481
"../../../Engine/Plugins/Animation/ControlRig/Content/Controls/ControlRig_RoundedTriangle_3mm.ubulk" 482
"../../../Engine/Plugins/Animation/ControlRig/Content/Controls/ControlRig_RoundedTriangle_3mm.uasset" 483
"../../../Engine/Plugins/Animation/ControlRig/Content/Controls/ControlRig_RoundedTriangle_3mm.uexp" 484
"../../../Engine/Plugins/Animation/ControlRig/Content/Controls/ControlRig_RoundedTriangle_1mm.ubulk" 485
"../../../Engine/Plugins/Animation/ControlRig/Content/Controls/ControlRig_RoundedTriangle_1mm.uasset" 486
"../../../Engine/Plugins/Animation/ControlRig/Content/Controls/ControlRig_RoundedTriangle_1mm.uexp" 487
"../../../Engine/Plugins/Animation/ControlRig/Content/Controls/ControlRig_RoundedSquare_solid.ubulk" 488
"../../../Engine/Plugins/Animation/ControlRig/Content/Controls/ControlRig_RoundedSquare_solid.uasset" 489
"../../../Engine/Plugins/Animation/ControlRig/Content/Controls/ControlRig_RoundedSquare_solid.uexp" 490
"../../../Engine/Plugins/Animation/ControlRig/Content/Controls/ControlRig_RoundedSquare_3mm.ubulk" 491
"../../../Engine/Plugins/Animation/ControlRig/Content/Controls/ControlRig_RoundedSquare_3mm.uasset" 492
"../../../Engine/Plugins/Animation/ControlRig/Content/Controls/ControlRig_RoundedSquare_3mm.uexp" 493
"../../../Engine/Plugins/Animation/ControlRig/Content/Controls/ControlRig_RoundedSquare_1mm.ubulk" 494
"../../../Engine/Plugins/Animation/ControlRig/Content/Controls/ControlRig_RoundedSquare_1mm.uasset" 495
"../../../Engine/Plugins/Animation/ControlRig/Content/Controls/ControlRig_RoundedSquare_1mm.uexp" 496
"../../../Engine/Plugins/Animation/ControlRig/Content/Controls/ControlRig_QuarterCircle_solid.ubulk" 497
"../../../Engine/Plugins/Animation/ControlRig/Content/Controls/ControlRig_QuarterCircle_solid.uasset" 498
"../../../Engine/Plugins/Animation/ControlRig/Content/Controls/ControlRig_QuarterCircle_solid.uexp" 499
"../../../Engine/Plugins/Animation/ControlRig/Content/Controls/ControlRig_QuarterCircle_3mm.ubulk" 500
"../../../Engine/Plugins/Animation/ControlRig/Content/Controls/ControlRig_QuarterCircle_3mm.uasset" 501
"../../../Engine/Plugins/Animation/ControlRig/Content/Controls/ControlRig_QuarterCircle_3mm.uexp" 502
"../../../Engine/Plugins/Animation/ControlRig/Content/Controls/ControlRig_QuarterCircle_1mm.ubulk" 503
"../../../Engine/Plugins/Animation/ControlRig/Content/Controls/ControlRig_QuarterCircle_1mm.uasset" 504
"../../../Engine/Plugins/Animation/ControlRig/Content/Controls/ControlRig_QuarterCircle_1mm.uexp" 505
"../../../Engine/Plugins/Animation/ControlRig/Content/Controls/ControlRig_Pyramid_solid.ubulk" 506
"../../../Engine/Plugins/Animation/ControlRig/Content/Controls/ControlRig_Pyramid_solid.uasset" 507
"../../../Engine/Plugins/Animation/ControlRig/Content/Controls/ControlRig_Pyramid_solid.uexp" 508
"../../../Engine/Plugins/Animation/ControlRig/Content/Controls/ControlRig_Pyramid_3mm.ubulk" 509
"../../../Engine/Plugins/Animation/ControlRig/Content/Controls/ControlRig_Pyramid_3mm.uasset" 510
"../../../Engine/Plugins/Animation/ControlRig/Content/Controls/ControlRig_Pyramid_3mm.uexp" 511
"../../../Engine/Plugins/Animation/ControlRig/Content/Controls/ControlRig_Pyramid_1mm.ubulk" 512
"../../../Engine/Plugins/Animation/ControlRig/Content/Controls/ControlRig_Pyramid_1mm.uasset" 513
"../../../Engine/Plugins/Animation/ControlRig/Content/Controls/ControlRig_Pyramid_1mm.uexp" 514
"../../../Engine/Plugins/Animation/ControlRig/Content/Controls/ControlRig_Octagon_solid.ubulk" 515
"../../../Engine/Plugins/Animation/ControlRig/Content/Controls/ControlRig_Octagon_solid.uasset" 516
"../../../Engine/Plugins/Animation/ControlRig/Content/Controls/ControlRig_Octagon_solid.uexp" 517
"../../../Engine/Plugins/Animation/ControlRig/Content/Controls/ControlRig_Octagon_3mm.ubulk" 518
"../../../Engine/Plugins/Animation/ControlRig/Content/Controls/ControlRig_Octagon_3mm.uasset" 519
"../../../Engine/Plugins/Animation/ControlRig/Content/Controls/ControlRig_Octagon_3mm.uexp" 520
"../../../Engine/Plugins/Animation/ControlRig/Content/Controls/ControlRig_Octagon_1mm.ubulk" 521
"../../../Engine/Plugins/Animation/ControlRig/Content/Controls/ControlRig_Octagon_1mm.uasset" 522
"../../../Engine/Plugins/Animation/ControlRig/Content/Controls/ControlRig_Octagon_1mm.uexp" 523
"../../../Engine/Plugins/Animation/ControlRig/Content/Controls/ControlRig_Hexagon_solid.ubulk" 524
"../../../Engine/Plugins/Animation/ControlRig/Content/Controls/ControlRig_Hexagon_solid.uasset" 525
"../../../Engine/Plugins/Animation/ControlRig/Content/Controls/ControlRig_Hexagon_solid.uexp" 526
"../../../Engine/Plugins/Animation/ControlRig/Content/Controls/ControlRig_Hexagon_3mm.ubulk" 527
"../../../Engine/Plugins/Animation/ControlRig/Content/Controls/ControlRig_Hexagon_3mm.uasset" 528
"../../../Engine/Plugins/Animation/ControlRig/Content/Controls/ControlRig_Hexagon_3mm.uexp" 529
"../../../Engine/Plugins/Animation/ControlRig/Content/Controls/ControlRig_Hexagon_1mm.ubulk" 530
"../../../Engine/Plugins/Animation/ControlRig/Content/Controls/ControlRig_Hexagon_1mm.uasset" 531
"../../../Engine/Plugins/Animation/ControlRig/Content/Controls/ControlRig_Hexagon_1mm.uexp" 532
"../../../Engine/Plugins/Animation/ControlRig/Content/Controls/ControlRig_HalfCircle_solid.ubulk" 533
"../../../Engine/Plugins/Animation/ControlRig/Content/Controls/ControlRig_HalfCircle_solid.uasset" 534
"../../../Engine/Plugins/Animation/ControlRig/Content/Controls/ControlRig_HalfCircle_solid.uexp" 535
"../../../Engine/Plugins/Animation/ControlRig/Content/Controls/ControlRig_HalfCircle_3mm.ubulk" 536
"../../../Engine/Plugins/Animation/ControlRig/Content/Controls/ControlRig_HalfCircle_3mm.uasset" 537
"../../../Engine/Plugins/Animation/ControlRig/Content/Controls/ControlRig_HalfCircle_3mm.uexp" 538
"../../../Engine/Plugins/Animation/ControlRig/Content/Controls/ControlRig_HalfCircle_1mm.ubulk" 539
"../../../Engine/Plugins/Animation/ControlRig/Content/Controls/ControlRig_HalfCircle_1mm.uasset" 540
"../../../Engine/Plugins/Animation/ControlRig/Content/Controls/ControlRig_HalfCircle_1mm.uexp" 541
"../../../Engine/Plugins/Animation/ControlRig/Content/Controls/ControlRig_Diamond_solid.ubulk" 542
"../../../Engine/Plugins/Animation/ControlRig/Content/Controls/ControlRig_Diamond_solid.uasset" 543
"../../../Engine/Plugins/Animation/ControlRig/Content/Controls/ControlRig_Diamond_solid.uexp" 544
"../../../Engine/Plugins/Animation/ControlRig/Content/Controls/ControlRig_Diamond_3mm.ubulk" 545
"../../../Engine/Plugins/Animation/ControlRig/Content/Controls/ControlRig_Diamond_3mm.uasset" 546
"../../../Engine/Plugins/Animation/ControlRig/Content/Controls/ControlRig_Diamond_3mm.uexp" 547
"../../../Engine/Plugins/Animation/ControlRig/Content/Controls/ControlRig_Diamond_1mm.ubulk" 548
"../../../Engine/Plugins/Animation/ControlRig/Content/Controls/ControlRig_Diamond_1mm.uasset" 549
"../../../Engine/Plugins/Animation/ControlRig/Content/Controls/ControlRig_Diamond_1mm.uexp" 550
"../../../Engine/Plugins/Animation/ControlRig/Content/Controls/ControlRig_Circle_solid.ubulk" 551
"../../../Engine/Plugins/Animation/ControlRig/Content/Controls/ControlRig_Circle_solid.uasset" 552
"../../../Engine/Plugins/Animation/ControlRig/Content/Controls/ControlRig_Circle_solid.uexp" 553
"../../../Engine/Plugins/Animation/ControlRig/Content/Controls/ControlRig_Circle_3mm.ubulk" 554
"../../../Engine/Plugins/Animation/ControlRig/Content/Controls/ControlRig_Circle_3mm.uasset" 555
"../../../Engine/Plugins/Animation/ControlRig/Content/Controls/ControlRig_Circle_3mm.uexp" 556
"../../../Engine/Plugins/Animation/ControlRig/Content/Controls/ControlRig_Circle_1mm.ubulk" 557
"../../../Engine/Plugins/Animation/ControlRig/Content/Controls/ControlRig_Circle_1mm.uasset" 558
"../../../Engine/Plugins/Animation/ControlRig/Content/Controls/ControlRig_Circle_1mm.uexp" 559
"../../../Engine/Plugins/Animation/ControlRig/Content/Controls/ControlRig_Box_solid.ubulk" 560
"../../../Engine/Plugins/Animation/ControlRig/Content/Controls/ControlRig_Box_solid.uasset" 561
"../../../Engine/Plugins/Animation/ControlRig/Content/Controls/ControlRig_Box_solid.uexp" 562
"../../../Engine/Plugins/Animation/ControlRig/Content/Controls/ControlRig_Box_3mm.ubulk" 563
"../../../Engine/Plugins/Animation/ControlRig/Content/Controls/ControlRig_Box_3mm.uasset" 564
"../../../Engine/Plugins/Animation/ControlRig/Content/Controls/ControlRig_Box_3mm.uexp" 565
"../../../Engine/Plugins/Animation/ControlRig/Content/Controls/ControlRig_Box_1mm.ubulk" 566
"../../../Engine/Plugins/Animation/ControlRig/Content/Controls/ControlRig_Box_1mm.uasset" 567
"../../../Engine/Plugins/Animation/ControlRig/Content/Controls/ControlRig_Box_1mm.uexp" 568
"../../../Engine/Plugins/Animation/ControlRig/Content/Controls/ControlRig_Arrow_solid.ubulk" 569
"../../../Engine/Plugins/Animation/ControlRig/Content/Controls/ControlRig_Arrow_solid.uasset" 570
"../../../Engine/Plugins/Animation/ControlRig/Content/Controls/ControlRig_Arrow_solid.uexp" 571
"../../../Engine/Plugins/Animation/ControlRig/Content/Controls/ControlRig_Arrow_3mm.ubulk" 572
"../../../Engine/Plugins/Animation/ControlRig/Content/Controls/ControlRig_Arrow_3mm.uasset" 573
"../../../Engine/Plugins/Animation/ControlRig/Content/Controls/ControlRig_Arrow_3mm.uexp" 574
"../../../Engine/Plugins/Animation/ControlRig/Content/Controls/ControlRig_Arrow_1mm.ubulk" 575
"../../../Engine/Plugins/Animation/ControlRig/Content/Controls/ControlRig_Arrow_1mm.uasset" 576
"../../../Engine/Plugins/Animation/ControlRig/Content/Controls/ControlRig_Arrow_1mm.uexp" 577
"../../../Engine/Plugins/Animation/ControlRig/Content/Controls/ControlRig_Arrow4_solid.ubulk" 578
"../../../Engine/Plugins/Animation/ControlRig/Content/Controls/ControlRig_Arrow4_solid.uasset" 579
"../../../Engine/Plugins/Animation/ControlRig/Content/Controls/ControlRig_Arrow4_solid.uexp" 580
"../../../Engine/Plugins/Animation/ControlRig/Content/Controls/ControlRig_Arrow4_3mm.ubulk" 581
"../../../Engine/Plugins/Animation/ControlRig/Content/Controls/ControlRig_Arrow4_3mm.uasset" 582
"../../../Engine/Plugins/Animation/ControlRig/Content/Controls/ControlRig_Arrow4_3mm.uexp" 583
"../../../Engine/Plugins/Animation/ControlRig/Content/Controls/ControlRig_Arrow4_1mm.ubulk" 584
"../../../Engine/Plugins/Animation/ControlRig/Content/Controls/ControlRig_Arrow4_1mm.uasset" 585
"../../../Engine/Plugins/Animation/ControlRig/Content/Controls/ControlRig_Arrow4_1mm.uexp" 586
"../../../Engine/Plugins/Animation/ControlRig/Content/Controls/ControlRig_Arrow2_solid.ubulk" 587
"../../../Engine/Plugins/Animation/ControlRig/Content/Controls/ControlRig_Arrow2_solid.uasset" 588
"../../../Engine/Plugins/Animation/ControlRig/Content/Controls/ControlRig_Arrow2_solid.uexp" 589
"../../../Engine/Plugins/Animation/ControlRig/Content/Controls/ControlRig_Arrow2_3mm.ubulk" 590
"../../../Engine/Plugins/Animation/ControlRig/Content/Controls/ControlRig_Arrow2_3mm.uasset" 591
"../../../Engine/Plugins/Animation/ControlRig/Content/Controls/ControlRig_Arrow2_3mm.uexp" 592
"../../../Engine/Plugins/Animation/ControlRig/Content/Controls/ControlRig_Arrow2_1mm.ubulk" 593
"../../../Engine/Plugins/Animation/ControlRig/Content/Controls/ControlRig_Arrow2_1mm.uasset" 594
"../../../Engine/Plugins/Animation/ControlRig/Content/Controls/ControlRig_Arrow2_1mm.uexp" 595
"../../../Engine/Plugins/Animation/ControlRig/Content/Controls/ControlRigGizmoMaterial.uasset" 596
"../../../Engine/Plugins/Animation/ControlRig/Content/Controls/ControlRigGizmoMaterial.uexp" 597
"../../../Engine/Plugins/Runtime/HairStrands/Content/Materials/HairMeshesDefaultMaterial.uasset" 598
"../../../Engine/Plugins/Runtime/HairStrands/Content/Materials/HairMeshesDefaultMaterial.uexp" 599
"../../../Engine/Plugins/Runtime/HairStrands/Content/Materials/HairDefaultMaterial.uasset" 600
"../../../Engine/Plugins/Runtime/HairStrands/Content/Materials/HairDefaultMaterial.uexp" 601
"../../../Engine/Plugins/Runtime/HairStrands/Content/Materials/HairGroupColors.uasset" 602
"../../../Engine/Plugins/Runtime/HairStrands/Content/Materials/HairGroupColors.uexp" 603
"../../../Engine/Content/EngineMaterials/HairColorMap.uasset" 604
"../../../Engine/Content/EngineMaterials/HairColorMap.uexp" 605
"../../../Engine/Content/EngineMaterials/HairDebugColor.uasset" 606
"../../../Engine/Content/EngineMaterials/HairDebugColor.uexp" 607
"../../../Engine/Plugins/Runtime/HairStrands/Content/Materials/HairDebugMaterial.uasset" 608
"../../../Engine/Plugins/Runtime/HairStrands/Content/Materials/HairDebugMaterial.uexp" 609
"../../../Engine/Plugins/Runtime/HairStrands/Content/Materials/HairCardsDefaultMaterial.uasset" 610
"../../../Engine/Plugins/Runtime/HairStrands/Content/Materials/HairCardsDefaultMaterial.uexp" 611
"C:/Users/proprice/Documents/Unreal Projects/DuelemUp/Content/NewMap_HLOD0_Instancing.uasset" 612
"C:/Users/proprice/Documents/Unreal Projects/DuelemUp/Content/NewMap_HLOD0_Instancing.uexp" 613
"C:/Users/proprice/Documents/Unreal Projects/DuelemUp/Content/NewMap.uexp" 614
"C:/Users/proprice/Documents/Unreal Projects/DuelemUp/Content/NewMap.ubulk" 615
"C:/Users/proprice/Documents/Unreal Projects/DuelemUp/Content/NewMap.umap" 616
"../../../Engine/Content/Maps/Entry_BuiltData.uasset" 617
"../../../Engine/Content/Maps/Entry_BuiltData.uexp" 618
"../../../Engine/Content/Maps/Entry.uexp" 619
"../../../Engine/Content/Maps/Entry.umap" 620
"../../../Engine/Content/Maps/Templates/OpenWorld.uexp" 621
"../../../Engine/Content/Maps/Templates/OpenWorld.ubulk" 622
"../../../Engine/Content/Maps/Templates/OpenWorld.umap" 623
"C:/Users/proprice/Documents/Unreal Projects/DuelemUp/Content/NewMap/_Generated_/NewMap_MainGrid_L0_X0_Y-1_DL0.uexp" 624
"C:/Users/proprice/Documents/Unreal Projects/DuelemUp/Content/NewMap/_Generated_/NewMap_MainGrid_L0_X0_Y-1_DL0.umap" 625
"C:/Users/proprice/Documents/Unreal Projects/DuelemUp/Content/NewMap/_Generated_/NewMap_MainGrid_L1_X1_Y-2_DL0.uexp" 626
"C:/Users/proprice/Documents/Unreal Projects/DuelemUp/Content/NewMap/_Generated_/NewMap_MainGrid_L1_X1_Y-2_DL0.ubulk" 627
"C:/Users/proprice/Documents/Unreal Projects/DuelemUp/Content/NewMap/_Generated_/NewMap_MainGrid_L1_X1_Y-2_DL0.umap" 628
"C:/Users/proprice/Documents/Unreal Projects/DuelemUp/Content/NewMap/_Generated_/NewMap_MainGrid_L2_X0_Y0_DL0.uexp" 629
"C:/Users/proprice/Documents/Unreal Projects/DuelemUp/Content/NewMap/_Generated_/NewMap_MainGrid_L2_X0_Y0_DL0.ubulk" 630
"C:/Users/proprice/Documents/Unreal Projects/DuelemUp/Content/NewMap/_Generated_/NewMap_MainGrid_L2_X0_Y0_DL0.umap" 631
"../../../Engine/Content/Maps/Templates/OpenWorld/_Generated_/OpenWorld_MainGrid_L1_X-2_Y1_DL0.uexp" 632
"../../../Engine/Content/Maps/Templates/OpenWorld/_Generated_/OpenWorld_MainGrid_L1_X-2_Y1_DL0.ubulk" 633
"../../../Engine/Content/Maps/Templates/OpenWorld/_Generated_/OpenWorld_MainGrid_L1_X-2_Y1_DL0.umap" 634
"../../../Engine/Content/Maps/Templates/OpenWorld/_Generated_/OpenWorld_MainGrid_L1_X0_Y-1_DL0.uexp" 635
"../../../Engine/Content/Maps/Templates/OpenWorld/_Generated_/OpenWorld_MainGrid_L1_X0_Y-1_DL0.ubulk" 636
"../../../Engine/Content/Maps/Templates/OpenWorld/_Generated_/OpenWorld_MainGrid_L1_X0_Y-1_DL0.umap" 637
"C:/Users/proprice/Documents/Unreal Projects/DuelemUp/Content/NewMap/_Generated_/NewMap_MainGrid_L2_X0_Y-1_DL0.uexp" 638
"C:/Users/proprice/Documents/Unreal Projects/DuelemUp/Content/NewMap/_Generated_/NewMap_MainGrid_L2_X0_Y-1_DL0.ubulk" 639
"C:/Users/proprice/Documents/Unreal Projects/DuelemUp/Content/NewMap/_Generated_/NewMap_MainGrid_L2_X0_Y-1_DL0.umap" 640
"../../../Engine/Content/Maps/Templates/OpenWorld/_Generated_/OpenWorld_MainGrid_L1_X0_Y0_DL0.uexp" 641
"../../../Engine/Content/Maps/Templates/OpenWorld/_Generated_/OpenWorld_MainGrid_L1_X0_Y0_DL0.ubulk" 642
"../../../Engine/Content/Maps/Templates/OpenWorld/_Generated_/OpenWorld_MainGrid_L1_X0_Y0_DL0.umap" 643
"C:/Users/proprice/Documents/Unreal Projects/DuelemUp/Content/NewMap/_Generated_/NewMap_MainGrid_L2_X-1_Y0_DL0.uexp" 644
"C:/Users/proprice/Documents/Unreal Projects/DuelemUp/Content/NewMap/_Generated_/NewMap_MainGrid_L2_X-1_Y0_DL0.ubulk" 645
"C:/Users/proprice/Documents/Unreal Projects/DuelemUp/Content/NewMap/_Generated_/NewMap_MainGrid_L2_X-1_Y0_DL0.umap" 646
"../../../Engine/Content/Maps/Templates/OpenWorld/_Generated_/OpenWorld_MainGrid_L1_X-1_Y0_DL0.uexp" 647
"../../../Engine/Content/Maps/Templates/OpenWorld/_Generated_/OpenWorld_MainGrid_L1_X-1_Y0_DL0.ubulk" 648
"../../../Engine/Content/Maps/Templates/OpenWorld/_Generated_/OpenWorld_MainGrid_L1_X-1_Y0_DL0.umap" 649
"../../../Engine/Content/Maps/Templates/OpenWorld/_Generated_/OpenWorld_MainGrid_L1_X-1_Y-2_DL0.uexp" 650
"../../../Engine/Content/Maps/Templates/OpenWorld/_Generated_/OpenWorld_MainGrid_L1_X-1_Y-2_DL0.ubulk" 651
"../../../Engine/Content/Maps/Templates/OpenWorld/_Generated_/OpenWorld_MainGrid_L1_X-1_Y-2_DL0.umap" 652
"../../../Engine/Content/Maps/Templates/OpenWorld/_Generated_/OpenWorld_MainGrid_L1_X-2_Y-2_DL0.uexp" 653
"../../../Engine/Content/Maps/Templates/OpenWorld/_Generated_/OpenWorld_MainGrid_L1_X-2_Y-2_DL0.ubulk" 654
"../../../Engine/Content/Maps/Templates/OpenWorld/_Generated_/OpenWorld_MainGrid_L1_X-2_Y-2_DL0.umap" 655
"C:/Users/proprice/Documents/Unreal Projects/DuelemUp/Content/NewMap/_Generated_/NewMap_MainGrid_L2_X-1_Y-1_DL0.uexp" 656
"C:/Users/proprice/Documents/Unreal Projects/DuelemUp/Content/NewMap/_Generated_/NewMap_MainGrid_L2_X-1_Y-1_DL0.ubulk" 657
"C:/Users/proprice/Documents/Unreal Projects/DuelemUp/Content/NewMap/_Generated_/NewMap_MainGrid_L2_X-1_Y-1_DL0.umap" 658
"C:/Users/proprice/Documents/Unreal Projects/DuelemUp/Content/NewMap/_Generated_/NewMap_MainGrid_L1_X-2_Y-2_DL0.uexp" 659
"C:/Users/proprice/Documents/Unreal Projects/DuelemUp/Content/NewMap/_Generated_/NewMap_MainGrid_L1_X-2_Y-2_DL0.ubulk" 660
"C:/Users/proprice/Documents/Unreal Projects/DuelemUp/Content/NewMap/_Generated_/NewMap_MainGrid_L1_X-2_Y-2_DL0.umap" 661
"C:/Users/proprice/Documents/Unreal Projects/DuelemUp/Content/NewMap/_Generated_/NewMap_MainGrid_L1_X-1_Y-1_DL0.uexp" 662
"C:/Users/proprice/Documents/Unreal Projects/DuelemUp/Content/NewMap/_Generated_/NewMap_MainGrid_L1_X-1_Y-1_DL0.ubulk" 663
"C:/Users/proprice/Documents/Unreal Projects/DuelemUp/Content/NewMap/_Generated_/NewMap_MainGrid_L1_X-1_Y-1_DL0.umap" 664
"C:/Users/proprice/Documents/Unreal Projects/DuelemUp/Content/NewMap/_Generated_/NewMap_MainGrid_L1_X-1_Y1_DL0.uexp" 665
"C:/Users/proprice/Documents/Unreal Projects/DuelemUp/Content/NewMap/_Generated_/NewMap_MainGrid_L1_X-1_Y1_DL0.ubulk" 666
"C:/Users/proprice/Documents/Unreal Projects/DuelemUp/Content/NewMap/_Generated_/NewMap_MainGrid_L1_X-1_Y1_DL0.umap" 667
"../../../Engine/Content/Maps/Templates/OpenWorld/_Generated_/OpenWorld_MainGrid_L1_X0_Y1_DL0.uexp" 668
"../../../Engine/Content/Maps/Templates/OpenWorld/_Generated_/OpenWorld_MainGrid_L1_X0_Y1_DL0.ubulk" 669
"../../../Engine/Content/Maps/Templates/OpenWorld/_Generated_/OpenWorld_MainGrid_L1_X0_Y1_DL0.umap" 670
"../../../Engine/Content/Maps/Templates/OpenWorld/_Generated_/OpenWorld_MainGrid_L1_X-1_Y-1_DL0.uexp" 671
"../../../Engine/Content/Maps/Templates/OpenWorld/_Generated_/OpenWorld_MainGrid_L1_X-1_Y-1_DL0.ubulk" 672
"../../../Engine/Content/Maps/Templates/OpenWorld/_Generated_/OpenWorld_MainGrid_L1_X-1_Y-1_DL0.umap" 673
"../../../Engine/Content/Maps/Templates/OpenWorld/_Generated_/OpenWorld_MainGrid_L1_X-1_Y1_DL0.uexp" 674
"../../../Engine/Content/Maps/Templates/OpenWorld/_Generated_/OpenWorld_MainGrid_L1_X-1_Y1_DL0.ubulk" 675
"../../../Engine/Content/Maps/Templates/OpenWorld/_Generated_/OpenWorld_MainGrid_L1_X-1_Y1_DL0.umap" 676
"../../../Engine/Content/Maps/Templates/OpenWorld/_Generated_/OpenWorld_MainGrid_L1_X1_Y-2_DL0.uexp" 677
"../../../Engine/Content/Maps/Templates/OpenWorld/_Generated_/OpenWorld_MainGrid_L1_X1_Y-2_DL0.ubulk" 678
"../../../Engine/Content/Maps/Templates/OpenWorld/_Generated_/OpenWorld_MainGrid_L1_X1_Y-2_DL0.umap" 679
"../../../Engine/Content/Maps/Templates/OpenWorld/_Generated_/OpenWorld_MainGrid_L1_X-2_Y0_DL0.uexp" 680
"../../../Engine/Content/Maps/Templates/OpenWorld/_Generated_/OpenWorld_MainGrid_L1_X-2_Y0_DL0.ubulk" 681
"../../../Engine/Content/Maps/Templates/OpenWorld/_Generated_/OpenWorld_MainGrid_L1_X-2_Y0_DL0.umap" 682
"../../../Engine/Content/Maps/Templates/OpenWorld/_Generated_/OpenWorld_MainGrid_L0_X0_Y0_DL0.uexp" 683
"../../../Engine/Content/Maps/Templates/OpenWorld/_Generated_/OpenWorld_MainGrid_L0_X0_Y0_DL0.ubulk" 684
"../../../Engine/Content/Maps/Templates/OpenWorld/_Generated_/OpenWorld_MainGrid_L0_X0_Y0_DL0.umap" 685
"C:/Users/proprice/Documents/Unreal Projects/DuelemUp/Content/NewMap/_Generated_/NewMap_MainGrid_L1_X0_Y-1_DL0.uexp" 686
"C:/Users/proprice/Documents/Unreal Projects/DuelemUp/Content/NewMap/_Generated_/NewMap_MainGrid_L1_X0_Y-1_DL0.ubulk" 687
"C:/Users/proprice/Documents/Unreal Projects/DuelemUp/Content/NewMap/_Generated_/NewMap_MainGrid_L1_X0_Y-1_DL0.umap" 688
"../../../Engine/Content/Maps/Templates/OpenWorld/_Generated_/OpenWorld_MainGrid_L1_X0_Y-2_DL0.uexp" 689
"../../../Engine/Content/Maps/Templates/OpenWorld/_Generated_/OpenWorld_MainGrid_L1_X0_Y-2_DL0.ubulk" 690
"../../../Engine/Content/Maps/Templates/OpenWorld/_Generated_/OpenWorld_MainGrid_L1_X0_Y-2_DL0.umap" 691
"../../../Engine/Content/Maps/Templates/OpenWorld/_Generated_/OpenWorld_MainGrid_L1_X-2_Y-1_DL0.uexp" 692
"../../../Engine/Content/Maps/Templates/OpenWorld/_Generated_/OpenWorld_MainGrid_L1_X-2_Y-1_DL0.ubulk" 693
"../../../Engine/Content/Maps/Templates/OpenWorld/_Generated_/OpenWorld_MainGrid_L1_X-2_Y-1_DL0.umap" 694
"C:/Users/proprice/Documents/Unreal Projects/DuelemUp/Content/NewMap/_Generated_/NewMap_MainGrid_L1_X-2_Y1_DL0.uexp" 695
"C:/Users/proprice/Documents/Unreal Projects/DuelemUp/Content/NewMap/_Generated_/NewMap_MainGrid_L1_X-2_Y1_DL0.ubulk" 696
"C:/Users/proprice/Documents/Unreal Projects/DuelemUp/Content/NewMap/_Generated_/NewMap_MainGrid_L1_X-2_Y1_DL0.umap" 697
"../../../Engine/Content/Maps/Templates/OpenWorld/_Generated_/OpenWorld_MainGrid_L1_X1_Y1_DL0.uexp" 698
"../../../Engine/Content/Maps/Templates/OpenWorld/_Generated_/OpenWorld_MainGrid_L1_X1_Y1_DL0.ubulk" 699
"../../../Engine/Content/Maps/Templates/OpenWorld/_Generated_/OpenWorld_MainGrid_L1_X1_Y1_DL0.umap" 700
"../../../Engine/Content/Maps/Templates/OpenWorld/_Generated_/OpenWorld_MainGrid_L1_X1_Y0_DL0.uexp" 701
"../../../Engine/Content/Maps/Templates/OpenWorld/_Generated_/OpenWorld_MainGrid_L1_X1_Y0_DL0.ubulk" 702
"../../../Engine/Content/Maps/Templates/OpenWorld/_Generated_/OpenWorld_MainGrid_L1_X1_Y0_DL0.umap" 703
"C:/Users/proprice/Documents/Unreal Projects/DuelemUp/Content/NewMap/_Generated_/NewMap_MainGrid_L0_X0_Y0_DL0.uexp" 704
"C:/Users/proprice/Documents/Unreal Projects/DuelemUp/Content/NewMap/_Generated_/NewMap_MainGrid_L0_X0_Y0_DL0.ubulk" 705
"C:/Users/proprice/Documents/Unreal Projects/DuelemUp/Content/NewMap/_Generated_/NewMap_MainGrid_L0_X0_Y0_DL0.umap" 706
"../../../Engine/Content/Maps/Templates/OpenWorld/_Generated_/OpenWorld_MainGrid_L2_X0_Y-1_DL0.uexp" 707
"../../../Engine/Content/Maps/Templates/OpenWorld/_Generated_/OpenWorld_MainGrid_L2_X0_Y-1_DL0.ubulk" 708
"../../../Engine/Content/Maps/Templates/OpenWorld/_Generated_/OpenWorld_MainGrid_L2_X0_Y-1_DL0.umap" 709
"../../../Engine/Content/Maps/Templates/OpenWorld/_Generated_/OpenWorld_MainGrid_L2_X-1_Y-1_DL0.uexp" 710
"../../../Engine/Content/Maps/Templates/OpenWorld/_Generated_/OpenWorld_MainGrid_L2_X-1_Y-1_DL0.ubulk" 711
"../../../Engine/Content/Maps/Templates/OpenWorld/_Generated_/OpenWorld_MainGrid_L2_X-1_Y-1_DL0.umap" 712
"C:/Users/proprice/Documents/Unreal Projects/DuelemUp/Content/NewMap/_Generated_/NewMap_MainGrid_L1_X0_Y0_DL0.uexp" 713
"C:/Users/proprice/Documents/Unreal Projects/DuelemUp/Content/NewMap/_Generated_/NewMap_MainGrid_L1_X0_Y0_DL0.ubulk" 714
"C:/Users/proprice/Documents/Unreal Projects/DuelemUp/Content/NewMap/_Generated_/NewMap_MainGrid_L1_X0_Y0_DL0.umap" 715
"C:/Users/proprice/Documents/Unreal Projects/DuelemUp/Content/NewMap/_Generated_/NewMap_MainGrid_L1_X0_Y-2_DL0.uexp" 716
"C:/Users/proprice/Documents/Unreal Projects/DuelemUp/Content/NewMap/_Generated_/NewMap_MainGrid_L1_X0_Y-2_DL0.ubulk" 717
"C:/Users/proprice/Documents/Unreal Projects/DuelemUp/Content/NewMap/_Generated_/NewMap_MainGrid_L1_X0_Y-2_DL0.umap" 718
"C:/Users/proprice/Documents/Unreal Projects/DuelemUp/Content/NewMap/_Generated_/NewMap_MainGrid_L1_X1_Y1_DL0.uexp" 719
"C:/Users/proprice/Documents/Unreal Projects/DuelemUp/Content/NewMap/_Generated_/NewMap_MainGrid_L1_X1_Y1_DL0.ubulk" 720
"C:/Users/proprice/Documents/Unreal Projects/DuelemUp/Content/NewMap/_Generated_/NewMap_MainGrid_L1_X1_Y1_DL0.umap" 721
"C:/Users/proprice/Documents/Unreal Projects/DuelemUp/Content/NewMap/_Generated_/NewMap_MainGrid_L1_X-2_Y0_DL0.uexp" 722
"C:/Users/proprice/Documents/Unreal Projects/DuelemUp/Content/NewMap/_Generated_/NewMap_MainGrid_L1_X-2_Y0_DL0.ubulk" 723
"C:/Users/proprice/Documents/Unreal Projects/DuelemUp/Content/NewMap/_Generated_/NewMap_MainGrid_L1_X-2_Y0_DL0.umap" 724
"C:/Users/proprice/Documents/Unreal Projects/DuelemUp/Content/NewMap/_Generated_/NewMap_MainGrid_L1_X1_Y-1_DL0.uexp" 725
"C:/Users/proprice/Documents/Unreal Projects/DuelemUp/Content/NewMap/_Generated_/NewMap_MainGrid_L1_X1_Y-1_DL0.ubulk" 726
"C:/Users/proprice/Documents/Unreal Projects/DuelemUp/Content/NewMap/_Generated_/NewMap_MainGrid_L1_X1_Y-1_DL0.umap" 727
"../../../Engine/Content/Maps/Templates/OpenWorld/_Generated_/OpenWorld_MainGrid_L2_X0_Y0_DL0.uexp" 728
"../../../Engine/Content/Maps/Templates/OpenWorld/_Generated_/OpenWorld_MainGrid_L2_X0_Y0_DL0.ubulk" 729
"../../../Engine/Content/Maps/Templates/OpenWorld/_Generated_/OpenWorld_MainGrid_L2_X0_Y0_DL0.umap" 730
"../../../Engine/Content/Maps/Templates/OpenWorld/_Generated_/OpenWorld_MainGrid_L2_X-1_Y0_DL0.uexp" 731
"../../../Engine/Content/Maps/Templates/OpenWorld/_Generated_/OpenWorld_MainGrid_L2_X-1_Y0_DL0.ubulk" 732
"../../../Engine/Content/Maps/Templates/OpenWorld/_Generated_/OpenWorld_MainGrid_L2_X-1_Y0_DL0.umap" 733
"../../../Engine/Content/Maps/Templates/OpenWorld/_Generated_/OpenWorld_MainGrid_L1_X1_Y-1_DL0.uexp" 734
"../../../Engine/Content/Maps/Templates/OpenWorld/_Generated_/OpenWorld_MainGrid_L1_X1_Y-1_DL0.ubulk" 735
"../../../Engine/Content/Maps/Templates/OpenWorld/_Generated_/OpenWorld_MainGrid_L1_X1_Y-1_DL0.umap" 736
"C:/Users/proprice/Documents/Unreal Projects/DuelemUp/Content/NewMap/_Generated_/NewMap_MainGrid_L1_X1_Y0_DL0.uexp" 737
"C:/Users/proprice/Documents/Unreal Projects/DuelemUp/Content/NewMap/_Generated_/NewMap_MainGrid_L1_X1_Y0_DL0.ubulk" 738
"C:/Users/proprice/Documents/Unreal Projects/DuelemUp/Content/NewMap/_Generated_/NewMap_MainGrid_L1_X1_Y0_DL0.umap" 739
"C:/Users/proprice/Documents/Unreal Projects/DuelemUp/Content/NewMap/_Generated_/NewMap_MainGrid_L1_X-1_Y-2_DL0.uexp" 740
"C:/Users/proprice/Documents/Unreal Projects/DuelemUp/Content/NewMap/_Generated_/NewMap_MainGrid_L1_X-1_Y-2_DL0.ubulk" 741
"C:/Users/proprice/Documents/Unreal Projects/DuelemUp/Content/NewMap/_Generated_/NewMap_MainGrid_L1_X-1_Y-2_DL0.umap" 742
"C:/Users/proprice/Documents/Unreal Projects/DuelemUp/Content/NewMap/_Generated_/NewMap_MainGrid_L1_X0_Y1_DL0.uexp" 743
"C:/Users/proprice/Documents/Unreal Projects/DuelemUp/Content/NewMap/_Generated_/NewMap_MainGrid_L1_X0_Y1_DL0.ubulk" 744
"C:/Users/proprice/Documents/Unreal Projects/DuelemUp/Content/NewMap/_Generated_/NewMap_MainGrid_L1_X0_Y1_DL0.umap" 745
"C:/Users/proprice/Documents/Unreal Projects/DuelemUp/Content/NewMap/_Generated_/NewMap_MainGrid_L1_X-2_Y-1_DL0.uexp" 746
"C:/Users/proprice/Documents/Unreal Projects/DuelemUp/Content/NewMap/_Generated_/NewMap_MainGrid_L1_X-2_Y-1_DL0.ubulk" 747
"C:/Users/proprice/Documents/Unreal Projects/DuelemUp/Content/NewMap/_Generated_/NewMap_MainGrid_L1_X-2_Y-1_DL0.umap" 748
"C:/Users/proprice/Documents/Unreal Projects/DuelemUp/Content/NewMap/_Generated_/NewMap_MainGrid_L1_X-1_Y0_DL0.uexp" 749
"C:/Users/proprice/Documents/Unreal Projects/DuelemUp/Content/NewMap/_Generated_/NewMap_MainGrid_L1_X-1_Y0_DL0.ubulk" 750
"C:/Users/proprice/Documents/Unreal Projects/DuelemUp/Content/NewMap/_Generated_/NewMap_MainGrid_L1_X-1_Y0_DL0.umap" 751
